c:\users\gabri\documents\github\fiorentinogabriele_endyearexamination\framework\obj\release\vc142.pdb
c:\users\gabri\documents\github\fiorentinogabriele_endyearexamination\framework\obj\release\object.obj
c:\users\gabri\documents\github\fiorentinogabriele_endyearexamination\framework\obj\release\component.obj
c:\users\gabri\documents\github\fiorentinogabriele_endyearexamination\framework\obj\release\render2d.obj
c:\users\gabri\documents\github\fiorentinogabriele_endyearexamination\framework\obj\release\rect_transform.obj
c:\users\gabri\documents\github\fiorentinogabriele_endyearexamination\framework\obj\release\controller.obj
c:\users\gabri\documents\github\fiorentinogabriele_endyearexamination\framework\obj\release\sprite.obj
c:\users\gabri\documents\github\fiorentinogabriele_endyearexamination\framework\obj\release\game_object.obj
c:\users\gabri\documents\github\fiorentinogabriele_endyearexamination\framework\obj\release\area2d.obj
c:\users\gabri\documents\github\fiorentinogabriele_endyearexamination\framework\bin\release\framework.lib
c:\users\gabri\documents\github\fiorentinogabriele_endyearexamination\framework\bin\release\framework.exp
c:\users\gabri\documents\github\fiorentinogabriele_endyearexamination\framework\bin\release\framework.dll
c:\users\gabri\documents\github\fiorentinogabriele_endyearexamination\framework\bin\release\framework.pdb
c:\users\gabri\documents\github\fiorentinogabriele_endyearexamination\framework\obj\release\inputelaborator.obj
c:\users\gabri\documents\github\fiorentinogabriele_endyearexamination\framework\obj\release\framework.tlog\cl.command.1.tlog
c:\users\gabri\documents\github\fiorentinogabriele_endyearexamination\framework\obj\release\framework.tlog\cl.read.1.tlog
c:\users\gabri\documents\github\fiorentinogabriele_endyearexamination\framework\obj\release\framework.tlog\cl.write.1.tlog
c:\users\gabri\documents\github\fiorentinogabriele_endyearexamination\framework\obj\release\framework.tlog\framework.write.1u.tlog
c:\users\gabri\documents\github\fiorentinogabriele_endyearexamination\framework\obj\release\framework.tlog\link.command.1.tlog
c:\users\gabri\documents\github\fiorentinogabriele_endyearexamination\framework\obj\release\framework.tlog\link.delete.1.tlog
c:\users\gabri\documents\github\fiorentinogabriele_endyearexamination\framework\obj\release\framework.tlog\link.read.1.tlog
c:\users\gabri\documents\github\fiorentinogabriele_endyearexamination\framework\obj\release\framework.tlog\link.write.1.tlog
