  area2d.cpp
C:\Users\gabri\Documents\GitHub\FiorentinoGabriele_EndYearExamination\FrameWork\src\object.h(20,14): warning C4251: 'Object::userName': class 'std::basic_string<char,std::char_traits<char>,std::allocator<char>>' needs to have dll-interface to be used by clients of class 'Object'
C:\Program Files (x86)\Microsoft Visual Studio\2019\Community\VC\Tools\MSVC\14.29.30133\include\xstring(4905): message : see declaration of 'std::basic_string<char,std::char_traits<char>,std::allocator<char>>'
C:\Users\gabri\Documents\GitHub\FiorentinoGabriele_EndYearExamination\FrameWork\src\Classes\game_object.h(75,26): warning C4251: 'GameObject::components': class 'std::vector<Component *,std::allocator<Component *>>' needs to have dll-interface to be used by clients of class 'GameObject'
C:\Users\gabri\Documents\GitHub\FiorentinoGabriele_EndYearExamination\FrameWork\src\Classes\game_object.h(17): message : see declaration of 'std::vector<Component *,std::allocator<Component *>>'
  game_object.cpp
C:\Users\gabri\Documents\GitHub\FiorentinoGabriele_EndYearExamination\FrameWork\src\object.h(20,14): warning C4251: 'Object::userName': class 'std::basic_string<char,std::char_traits<char>,std::allocator<char>>' needs to have dll-interface to be used by clients of class 'Object'
C:\Program Files (x86)\Microsoft Visual Studio\2019\Community\VC\Tools\MSVC\14.29.30133\include\xstring(4905): message : see declaration of 'std::basic_string<char,std::char_traits<char>,std::allocator<char>>'
C:\Users\gabri\Documents\GitHub\FiorentinoGabriele_EndYearExamination\FrameWork\src\Classes\game_object.h(75,26): warning C4251: 'GameObject::components': class 'std::vector<Component *,std::allocator<Component *>>' needs to have dll-interface to be used by clients of class 'GameObject'
C:\Users\gabri\Documents\GitHub\FiorentinoGabriele_EndYearExamination\FrameWork\src\Classes\game_object.h(17): message : see declaration of 'std::vector<Component *,std::allocator<Component *>>'
  sprite.cpp
C:\Users\gabri\Documents\GitHub\FiorentinoGabriele_EndYearExamination\FrameWork\src\object.h(20,14): warning C4251: 'Object::userName': class 'std::basic_string<char,std::char_traits<char>,std::allocator<char>>' needs to have dll-interface to be used by clients of class 'Object'
C:\Program Files (x86)\Microsoft Visual Studio\2019\Community\VC\Tools\MSVC\14.29.30133\include\xstring(4905): message : see declaration of 'std::basic_string<char,std::char_traits<char>,std::allocator<char>>'
C:\Users\gabri\Documents\GitHub\FiorentinoGabriele_EndYearExamination\FrameWork\src\Classes\game_object.h(75,26): warning C4251: 'GameObject::components': class 'std::vector<Component *,std::allocator<Component *>>' needs to have dll-interface to be used by clients of class 'GameObject'
C:\Users\gabri\Documents\GitHub\FiorentinoGabriele_EndYearExamination\FrameWork\src\Classes\game_object.h(17): message : see declaration of 'std::vector<Component *,std::allocator<Component *>>'
  controller.cpp
C:\Users\gabri\Documents\GitHub\FiorentinoGabriele_EndYearExamination\FrameWork\src\object.h(20,14): warning C4251: 'Object::userName': class 'std::basic_string<char,std::char_traits<char>,std::allocator<char>>' needs to have dll-interface to be used by clients of class 'Object'
C:\Program Files (x86)\Microsoft Visual Studio\2019\Community\VC\Tools\MSVC\14.29.30133\include\xstring(4905): message : see declaration of 'std::basic_string<char,std::char_traits<char>,std::allocator<char>>'
  rect_transform.cpp
C:\Users\gabri\Documents\GitHub\FiorentinoGabriele_EndYearExamination\FrameWork\src\object.h(20,14): warning C4251: 'Object::userName': class 'std::basic_string<char,std::char_traits<char>,std::allocator<char>>' needs to have dll-interface to be used by clients of class 'Object'
C:\Program Files (x86)\Microsoft Visual Studio\2019\Community\VC\Tools\MSVC\14.29.30133\include\xstring(4905): message : see declaration of 'std::basic_string<char,std::char_traits<char>,std::allocator<char>>'
  render2d.cpp
C:\Users\gabri\Documents\GitHub\FiorentinoGabriele_EndYearExamination\FrameWork\src\object.h(20,14): warning C4251: 'Object::userName': class 'std::basic_string<char,std::char_traits<char>,std::allocator<char>>' needs to have dll-interface to be used by clients of class 'Object'
C:\Program Files (x86)\Microsoft Visual Studio\2019\Community\VC\Tools\MSVC\14.29.30133\include\xstring(4905): message : see declaration of 'std::basic_string<char,std::char_traits<char>,std::allocator<char>>'
  component.cpp
C:\Users\gabri\Documents\GitHub\FiorentinoGabriele_EndYearExamination\FrameWork\src\object.h(20,14): warning C4251: 'Object::userName': class 'std::basic_string<char,std::char_traits<char>,std::allocator<char>>' needs to have dll-interface to be used by clients of class 'Object'
C:\Program Files (x86)\Microsoft Visual Studio\2019\Community\VC\Tools\MSVC\14.29.30133\include\xstring(4905): message : see declaration of 'std::basic_string<char,std::char_traits<char>,std::allocator<char>>'
  object.cpp
C:\Users\gabri\Documents\GitHub\FiorentinoGabriele_EndYearExamination\FrameWork\src\object.h(20,14): warning C4251: 'Object::userName': class 'std::basic_string<char,std::char_traits<char>,std::allocator<char>>' needs to have dll-interface to be used by clients of class 'Object'
C:\Program Files (x86)\Microsoft Visual Studio\2019\Community\VC\Tools\MSVC\14.29.30133\include\xstring(4905): message : see declaration of 'std::basic_string<char,std::char_traits<char>,std::allocator<char>>'
  Generating Code...
     Creating library bin\Release\FrameWork.lib and object bin\Release\FrameWork.exp
  FrameWork.vcxproj -> C:\Users\gabri\Documents\GitHub\FiorentinoGabriele_EndYearExamination\FrameWork\bin\Release\FrameWork.dll
